-outxml
-source
1.6
-target
1.6
-classpath
C:\Users\Imesh\.m2\repository\aopalliance\aopalliance\1.0\aopalliance-1.0.jar;C:\Users\Imesh\.m2\repository\cglib\cglib-nodep\2.2\cglib-nodep-2.2.jar;C:\Users\Imesh\.m2\repository\commons-beanutils\commons-beanutils\1.8.0\commons-beanutils-1.8.0.jar;C:\Users\Imesh\.m2\repository\commons-dbcp\commons-dbcp\1.3\commons-dbcp-1.3.jar;C:\Users\Imesh\.m2\repository\commons-digester\commons-digester\2.0\commons-digester-2.0.jar;C:\Users\Imesh\.m2\repository\commons-fileupload\commons-fileupload\1.2.1\commons-fileupload-1.2.1.jar;C:\Users\Imesh\.m2\repository\commons-pool\commons-pool\1.5.4\commons-pool-1.5.4.jar;C:\Users\Imesh\.m2\repository\javax\el\el-api\1.0\el-api-1.0.jar;C:\Users\Imesh\.m2\repository\javax\servlet\jstl\1.2\jstl-1.2.jar;C:\Users\Imesh\.m2\repository\javax\servlet\servlet-api\2.5\servlet-api-2.5.jar;C:\Users\Imesh\.m2\repository\javax\servlet\jsp\jsp-api\2.1\jsp-api-2.1.jar;C:\Users\Imesh\.m2\repository\javax\transaction\jta\1.1\jta-1.1.jar;C:\Users\Imesh\.m2\repository\javax\validation\validation-api\1.0.0.GA\validation-api-1.0.0.GA.jar;C:\Users\Imesh\.m2\repository\joda-time\joda-time\1.6\joda-time-1.6.jar;C:\Users\Imesh\.m2\repository\log4j\log4j\1.2.16\log4j-1.2.16.jar;C:\Users\Imesh\.m2\repository\mysql\mysql-connector-java\5.1.13\mysql-connector-java-5.1.13.jar;C:\Users\Imesh\.m2\repository\net\sf\flexjson\flexjson\2.0\flexjson-2.0.jar;C:\Users\Imesh\.m2\repository\org\apache\tiles\tiles-api\2.2.1\tiles-api-2.2.1.jar;C:\Users\Imesh\.m2\repository\org\apache\tiles\tiles-core\2.2.1\tiles-core-2.2.1.jar;C:\Users\Imesh\.m2\repository\org\apache\tiles\tiles-jsp\2.2.1\tiles-jsp-2.2.1.jar;C:\Users\Imesh\.m2\repository\org\apache\tiles\tiles-servlet\2.2.1\tiles-servlet-2.2.1.jar;C:\Users\Imesh\.m2\repository\org\apache\tiles\tiles-template\2.2.1\tiles-template-2.2.1.jar;C:\Users\Imesh\.m2\repository\org\aspectj\aspectjrt\1.6.10\aspectjrt-1.6.10.jar;C:\Users\Imesh\.m2\repository\org\aspectj\aspectjweaver\1.6.10\aspectjweaver-1.6.10.jar;C:\Users\Imesh\.m2\repository\org\eclipse\persistence\eclipselink\2.1.0\eclipselink-2.1.0.jar;C:\Users\Imesh\.m2\repository\org\eclipse\persistence\javax.persistence\2.0.1\javax.persistence-2.0.1.jar;C:\Users\Imesh\.m2\repository\org\hibernate\hibernate-validator\4.1.0.Final\hibernate-validator-4.1.0.Final.jar;C:\Users\Imesh\.m2\repository\org\slf4j\jcl-over-slf4j\1.6.1\jcl-over-slf4j-1.6.1.jar;C:\Users\Imesh\.m2\repository\org\slf4j\slf4j-api\1.6.1\slf4j-api-1.6.1.jar;C:\Users\Imesh\.m2\repository\org\slf4j\slf4j-log4j12\1.6.1\slf4j-log4j12-1.6.1.jar;C:\Users\Imesh\.m2\repository\org\springframework\spring-aop\3.0.5.RELEASE\spring-aop-3.0.5.RELEASE.jar;C:\Users\Imesh\.m2\repository\org\springframework\spring-asm\3.0.5.RELEASE\spring-asm-3.0.5.RELEASE.jar;C:\Users\Imesh\.m2\repository\org\springframework\spring-aspects\3.0.5.RELEASE\spring-aspects-3.0.5.RELEASE.jar;C:\Users\Imesh\.m2\repository\org\springframework\spring-beans\3.0.5.RELEASE\spring-beans-3.0.5.RELEASE.jar;C:\Users\Imesh\.m2\repository\org\springframework\spring-context\3.0.5.RELEASE\spring-context-3.0.5.RELEASE.jar;C:\Users\Imesh\.m2\repository\org\springframework\spring-context-support\3.0.5.RELEASE\spring-context-support-3.0.5.RELEASE.jar;C:\Users\Imesh\.m2\repository\org\springframework\spring-core\3.0.5.RELEASE\spring-core-3.0.5.RELEASE.jar;C:\Users\Imesh\.m2\repository\org\springframework\spring-expression\3.0.5.RELEASE\spring-expression-3.0.5.RELEASE.jar;C:\Users\Imesh\.m2\repository\org\springframework\spring-jdbc\3.0.5.RELEASE\spring-jdbc-3.0.5.RELEASE.jar;C:\Users\Imesh\.m2\repository\org\springframework\spring-orm\3.0.5.RELEASE\spring-orm-3.0.5.RELEASE.jar;C:\Users\Imesh\.m2\repository\org\springframework\spring-tx\3.0.5.RELEASE\spring-tx-3.0.5.RELEASE.jar;C:\Users\Imesh\.m2\repository\org\springframework\spring-web\3.0.5.RELEASE\spring-web-3.0.5.RELEASE.jar;C:\Users\Imesh\.m2\repository\org\springframework\spring-webmvc\3.0.5.RELEASE\spring-webmvc-3.0.5.RELEASE.jar;C:\Users\Imesh\.m2\repository\org\springframework\roo\org.springframework.roo.annotations\1.1.0.RELEASE\org.springframework.roo.annotations-1.1.0.RELEASE.jar;C:\Users\Imesh\.m2\repository\org\springframework\webflow\spring-js-resources\2.2.0.RELEASE\spring-js-resources-2.2.0.RELEASE.jar;D:\Development\Time Desk\Work\TimeDesk\target\classes
-aspectpath
C:\Users\Imesh\.m2\repository\org\springframework\spring-aspects\3.0.5.RELEASE\spring-aspects-3.0.5.RELEASE.jar
-d
D:\Development\Time Desk\Work\TimeDesk\target\classes
D:\Development\Time Desk\Work\TimeDesk\src\main\java\org\timedesk\entity\Task_Roo_Configurable.aj
D:\Development\Time Desk\Work\TimeDesk\src\main\java\org\timedesk\entity\Employee_Roo_Configurable.aj
D:\Development\Time Desk\Work\TimeDesk\src\main\java\org\timedesk\web\ProjectController_Roo_Controller.aj
D:\Development\Time Desk\Work\TimeDesk\src\main\java\org\timedesk\entity\Project_Roo_JavaBean.aj
D:\Development\Time Desk\Work\TimeDesk\src\main\java\org\timedesk\web\TaskController_Roo_Controller.aj
D:\Development\Time Desk\Work\TimeDesk\src\main\java\org\timedesk\entity\Employee_Roo_Entity.aj
D:\Development\Time Desk\Work\TimeDesk\src\main\java\org\timedesk\entity\Site_Roo_Configurable.aj
D:\Development\Time Desk\Work\TimeDesk\src\main\java\org\timedesk\entity\Site.java
D:\Development\Time Desk\Work\TimeDesk\src\main\java\org\timedesk\entity\Feedback_Roo_Configurable.aj
D:\Development\Time Desk\Work\TimeDesk\src\main\java\org\timedesk\entity\ProjectMemberRole_Roo_JavaBean.aj
D:\Development\Time Desk\Work\TimeDesk\src\main\java\org\timedesk\web\ProjectMemberController_Roo_Controller.aj
D:\Development\Time Desk\Work\TimeDesk\src\main\java\org\timedesk\entity\Company.java
D:\Development\Time Desk\Work\TimeDesk\src\main\java\org\timedesk\entity\ProjectMember_Roo_Configurable.aj
D:\Development\Time Desk\Work\TimeDesk\src\main\java\org\timedesk\entity\ProjectMember.java
D:\Development\Time Desk\Work\TimeDesk\src\main\java\org\timedesk\entity\Project_Roo_Entity.aj
D:\Development\Time Desk\Work\TimeDesk\src\main\java\org\timedesk\entity\ProjectMember_Roo_ToString.aj
D:\Development\Time Desk\Work\TimeDesk\src\main\java\org\timedesk\entity\Feedback.java
D:\Development\Time Desk\Work\TimeDesk\src\main\java\org\timedesk\entity\EmployeeRole.java
D:\Development\Time Desk\Work\TimeDesk\src\main\java\org\timedesk\entity\Task_Roo_ToString.aj
D:\Development\Time Desk\Work\TimeDesk\src\main\java\org\timedesk\web\FeedbackController.java
D:\Development\Time Desk\Work\TimeDesk\src\main\java\org\timedesk\entity\ProjectMember_Roo_Entity.aj
D:\Development\Time Desk\Work\TimeDesk\src\main\java\org\timedesk\entity\EmployeeSkill_Roo_ToString.aj
D:\Development\Time Desk\Work\TimeDesk\src\main\java\org\timedesk\entity\Employee_Roo_JavaBean.aj
D:\Development\Time Desk\Work\TimeDesk\src\main\java\org\timedesk\entity\Site_Roo_ToString.aj
D:\Development\Time Desk\Work\TimeDesk\src\main\java\org\timedesk\web\CompanyController_Roo_Controller.aj
D:\Development\Time Desk\Work\TimeDesk\src\main\java\org\timedesk\entity\EmployeeSkill.java
D:\Development\Time Desk\Work\TimeDesk\src\main\java\org\timedesk\web\ProjectMemberController.java
D:\Development\Time Desk\Work\TimeDesk\src\main\java\org\timedesk\entity\EmployeeRole_Roo_JavaBean.aj
D:\Development\Time Desk\Work\TimeDesk\src\main\java\org\timedesk\web\EmployeeController_Roo_Controller.aj
D:\Development\Time Desk\Work\TimeDesk\src\main\java\org\timedesk\web\SiteController_Roo_Controller.aj
D:\Development\Time Desk\Work\TimeDesk\src\main\java\org\timedesk\entity\EmployeeRole_Roo_Entity.aj
D:\Development\Time Desk\Work\TimeDesk\src\main\java\org\timedesk\entity\EmployeeSkill_Roo_Configurable.aj
D:\Development\Time Desk\Work\TimeDesk\src\main\java\org\timedesk\web\FeedbackController_Roo_Controller.aj
D:\Development\Time Desk\Work\TimeDesk\src\main\java\org\timedesk\entity\ProjectComponent.java
D:\Development\Time Desk\Work\TimeDesk\src\main\java\org\timedesk\entity\EmployeeRole_Roo_Configurable.aj
D:\Development\Time Desk\Work\TimeDesk\src\main\java\org\timedesk\entity\ProjectComponent_Roo_JavaBean.aj
D:\Development\Time Desk\Work\TimeDesk\src\main\java\org\timedesk\entity\Feedback_Roo_JavaBean.aj
D:\Development\Time Desk\Work\TimeDesk\src\main\java\org\timedesk\entity\Employee_Roo_ToString.aj
D:\Development\Time Desk\Work\TimeDesk\src\main\java\org\timedesk\entity\ProjectComponent_Roo_Configurable.aj
D:\Development\Time Desk\Work\TimeDesk\src\main\java\org\timedesk\entity\Project_Roo_ToString.aj
D:\Development\Time Desk\Work\TimeDesk\src\main\java\org\timedesk\entity\Company_Roo_Configurable.aj
D:\Development\Time Desk\Work\TimeDesk\src\main\java\org\timedesk\web\SiteController.java
D:\Development\Time Desk\Work\TimeDesk\src\main\java\org\timedesk\web\ProjectComponentController.java
D:\Development\Time Desk\Work\TimeDesk\src\main\java\org\timedesk\entity\Feedback_Roo_ToString.aj
D:\Development\Time Desk\Work\TimeDesk\src\main\java\org\timedesk\web\EmployeeRoleController.java
D:\Development\Time Desk\Work\TimeDesk\src\main\java\org\timedesk\entity\EmployeeSkill_Roo_JavaBean.aj
D:\Development\Time Desk\Work\TimeDesk\src\main\java\org\timedesk\entity\EmployeeRole_Roo_ToString.aj
D:\Development\Time Desk\Work\TimeDesk\src\main\java\org\timedesk\web\CompanyController.java
D:\Development\Time Desk\Work\TimeDesk\src\main\java\org\timedesk\entity\Task.java
D:\Development\Time Desk\Work\TimeDesk\src\main\java\org\timedesk\web\ProjectMemberRoleController.java
D:\Development\Time Desk\Work\TimeDesk\src\main\java\org\timedesk\entity\Site_Roo_JavaBean.aj
D:\Development\Time Desk\Work\TimeDesk\src\main\java\org\timedesk\entity\ProjectComponent_Roo_ToString.aj
D:\Development\Time Desk\Work\TimeDesk\src\main\java\org\timedesk\entity\Company_Roo_JavaBean.aj
D:\Development\Time Desk\Work\TimeDesk\src\main\java\org\timedesk\web\EmployeeController.java
D:\Development\Time Desk\Work\TimeDesk\src\main\java\org\timedesk\entity\Task_Roo_Entity.aj
D:\Development\Time Desk\Work\TimeDesk\src\main\java\org\timedesk\entity\ProjectMemberRole.java
D:\Development\Time Desk\Work\TimeDesk\src\main\java\org\timedesk\entity\ProjectMemberRole_Roo_ToString.aj
D:\Development\Time Desk\Work\TimeDesk\src\main\java\org\timedesk\web\EmployeeSkillController.java
D:\Development\Time Desk\Work\TimeDesk\src\main\java\org\timedesk\entity\ProjectMember_Roo_JavaBean.aj
D:\Development\Time Desk\Work\TimeDesk\src\main\java\org\timedesk\web\EmployeeSkillController_Roo_Controller.aj
D:\Development\Time Desk\Work\TimeDesk\src\main\java\org\timedesk\entity\Company_Roo_ToString.aj
D:\Development\Time Desk\Work\TimeDesk\src\main\java\org\timedesk\web\ProjectController.java
D:\Development\Time Desk\Work\TimeDesk\src\main\java\org\timedesk\entity\ProjectMemberRole_Roo_Configurable.aj
D:\Development\Time Desk\Work\TimeDesk\src\main\java\org\timedesk\entity\Site_Roo_Entity.aj
D:\Development\Time Desk\Work\TimeDesk\src\main\java\org\timedesk\entity\Task_Roo_JavaBean.aj
D:\Development\Time Desk\Work\TimeDesk\src\main\java\org\timedesk\web\TaskController.java
D:\Development\Time Desk\Work\TimeDesk\src\main\java\org\timedesk\entity\EmployeeSkill_Roo_Entity.aj
D:\Development\Time Desk\Work\TimeDesk\src\main\java\org\timedesk\entity\Employee.java
D:\Development\Time Desk\Work\TimeDesk\src\main\java\org\timedesk\entity\ProjectComponent_Roo_Entity.aj
D:\Development\Time Desk\Work\TimeDesk\src\main\java\org\timedesk\entity\ProjectMemberRole_Roo_Entity.aj
D:\Development\Time Desk\Work\TimeDesk\src\main\java\org\timedesk\entity\Feedback_Roo_Entity.aj
D:\Development\Time Desk\Work\TimeDesk\src\main\java\org\timedesk\web\ProjectComponentController_Roo_Controller.aj
D:\Development\Time Desk\Work\TimeDesk\src\main\java\org\timedesk\entity\Company_Roo_Entity.aj
D:\Development\Time Desk\Work\TimeDesk\src\main\java\org\timedesk\entity\Project.java
D:\Development\Time Desk\Work\TimeDesk\src\main\java\org\timedesk\entity\Project_Roo_Configurable.aj
D:\Development\Time Desk\Work\TimeDesk\src\main\java\org\timedesk\web\ProjectMemberRoleController_Roo_Controller.aj
D:\Development\Time Desk\Work\TimeDesk\src\main\java\org\timedesk\web\EmployeeRoleController_Roo_Controller.aj
